# JRE version: OpenJDK Runtime Environment (21.0.6) (build 21.0.6+-13391695-b895.109)
# Java VM: OpenJDK 64-Bit Server VM (21.0.6+-13391695-b895.109, mixed mode, tiered, compressed oops, compressed class ptrs, g1 gc, windows-amd64)
GC Precious Log:
 CardTable entry size: 512
 Card Set container configuration: InlinePtr #cards 5 size 8 Array Of Cards #cards 12 size 40 Howl #buckets 4 coarsen threshold 1843 Howl Bitmap #cards 512 size 80 coarsen threshold 460 Card regions per heap region 1 cards per card region 2048
 CPUs: 12 total, 12 available
 Memory: 7884M
 Large Page Support: Disabled
 NUMA Support: Disabled
 Compressed Oops: Enabled (32-bit)
 Heap Region Size: 1M
 Heap Min Capacity: 8M
 Heap Initial Capacity: 124M
 Heap Max Capacity: 2G
 Pre-touch: Disabled
 Parallel Workers: 10
 Concurrent Workers: 3
 Concurrent Refinement Workers: 10
 Periodic GC: Disabled
Heap:
 garbage-first heap   total 269312K, used 212480K [0x0000000080000000, 0x0000000100000000)
  region size 1024K, 5 young (5120K), 5 survivors (5120K)
 Metaspace       used 65678K, committed 67264K, reserved 1114112K
  class space    used 8829K, committed 9600K, reserved 1048576K
GC Heap History (20 events):
Event: 26.006 GC heap after
{Heap after GC invocations=42 (full 0):
 garbage-first heap   total 186368K, used 93083K [0x0000000080000000, 0x0000000100000000)
  region size 1024K, 2 young (2048K), 2 survivors (2048K)
 Metaspace       used 64918K, committed 66496K, reserved 1114112K
  class space    used 8788K, committed 9600K, reserved 1048576K
}
Event: 26.594 GC heap before
{Heap before GC invocations=43 (full 0):
 garbage-first heap   total 186368K, used 175003K [0x0000000080000000, 0x0000000100000000)
  region size 1024K, 80 young (81920K), 2 survivors (2048K)
 Metaspace       used 65201K, committed 66816K, reserved 1114112K
  class space    used 8806K, committed 9600K, reserved 1048576K
}
Event: 26.598 GC heap after
{Heap after GC invocations=44 (full 0):
 garbage-first heap   total 186368K, used 97214K [0x0000000080000000, 0x0000000100000000)
  region size 1024K, 4 young (4096K), 4 survivors (4096K)
 Metaspace       used 65201K, committed 66816K, reserved 1114112K
  class space    used 8806K, committed 9600K, reserved 1048576K
}
Event: 27.013 GC heap before
{Heap before GC invocations=44 (full 0):
 garbage-first heap   total 186368K, used 169918K [0x0000000080000000, 0x0000000100000000)
  region size 1024K, 76 young (77824K), 4 survivors (4096K)
 Metaspace       used 65414K, committed 67008K, reserved 1114112K
  class space    used 8834K, committed 9600K, reserved 1048576K
}
Event: 27.019 GC heap after
{Heap after GC invocations=45 (full 0):
 garbage-first heap   total 186368K, used 98417K [0x0000000080000000, 0x0000000100000000)
  region size 1024K, 6 young (6144K), 6 survivors (6144K)
 Metaspace       used 65414K, committed 67008K, reserved 1114112K
  class space    used 8834K, committed 9600K, reserved 1048576K
}
Event: 27.224 GC heap before
{Heap before GC invocations=45 (full 0):
 garbage-first heap   total 186368K, used 168049K [0x0000000080000000, 0x0000000100000000)
  region size 1024K, 75 young (76800K), 6 survivors (6144K)
 Metaspace       used 65460K, committed 67008K, reserved 1114112K
  class space    used 8836K, committed 9600K, reserved 1048576K
}
Event: 27.229 GC heap after
{Heap after GC invocations=46 (full 0):
 garbage-first heap   total 186368K, used 102487K [0x0000000080000000, 0x0000000100000000)
  region size 1024K, 10 young (10240K), 10 survivors (10240K)
 Metaspace       used 65460K, committed 67008K, reserved 1114112K
  class space    used 8836K, committed 9600K, reserved 1048576K
}
Event: 27.423 GC heap before
{Heap before GC invocations=47 (full 0):
 garbage-first heap   total 186368K, used 164951K [0x0000000080000000, 0x0000000100000000)
  region size 1024K, 71 young (72704K), 10 survivors (10240K)
 Metaspace       used 65461K, committed 67008K, reserved 1114112K
  class space    used 8836K, committed 9600K, reserved 1048576K
}
Event: 27.429 GC heap after
{Heap after GC invocations=48 (full 0):
 garbage-first heap   total 186368K, used 105706K [0x0000000080000000, 0x0000000100000000)
  region size 1024K, 8 young (8192K), 8 survivors (8192K)
 Metaspace       used 65461K, committed 67008K, reserved 1114112K
  class space    used 8836K, committed 9600K, reserved 1048576K
}
Event: 27.549 GC heap before
{Heap before GC invocations=48 (full 0):
 garbage-first heap   total 186368K, used 167146K [0x0000000080000000, 0x0000000100000000)
  region size 1024K, 68 young (69632K), 8 survivors (8192K)
 Metaspace       used 65464K, committed 67008K, reserved 1114112K
  class space    used 8836K, committed 9600K, reserved 1048576K
}
Event: 27.553 GC heap after
{Heap after GC invocations=49 (full 0):
 garbage-first heap   total 224256K, used 108679K [0x0000000080000000, 0x0000000100000000)
  region size 1024K, 7 young (7168K), 7 survivors (7168K)
 Metaspace       used 65464K, committed 67008K, reserved 1114112K
  class space    used 8836K, committed 9600K, reserved 1048576K
}
Event: 27.788 GC heap before
{Heap before GC invocations=49 (full 0):
 garbage-first heap   total 224256K, used 203911K [0x0000000080000000, 0x0000000100000000)
  region size 1024K, 100 young (102400K), 7 survivors (7168K)
 Metaspace       used 65464K, committed 67008K, reserved 1114112K
  class space    used 8836K, committed 9600K, reserved 1048576K
}
Event: 27.794 GC heap after
{Heap after GC invocations=50 (full 0):
 garbage-first heap   total 224256K, used 113729K [0x0000000080000000, 0x0000000100000000)
  region size 1024K, 12 young (12288K), 12 survivors (12288K)
 Metaspace       used 65464K, committed 67008K, reserved 1114112K
  class space    used 8836K, committed 9600K, reserved 1048576K
}
Event: 28.003 GC heap before
{Heap before GC invocations=50 (full 0):
 garbage-first heap   total 224256K, used 185409K [0x0000000080000000, 0x0000000100000000)
  region size 1024K, 83 young (84992K), 12 survivors (12288K)
 Metaspace       used 65464K, committed 67008K, reserved 1114112K
  class space    used 8836K, committed 9600K, reserved 1048576K
}
Event: 28.014 GC heap after
{Heap after GC invocations=51 (full 0):
 garbage-first heap   total 224256K, used 124462K [0x0000000080000000, 0x0000000100000000)
  region size 1024K, 12 young (12288K), 12 survivors (12288K)
 Metaspace       used 65464K, committed 67008K, reserved 1114112K
  class space    used 8836K, committed 9600K, reserved 1048576K
}
Event: 28.383 GC heap before
{Heap before GC invocations=52 (full 0):
 garbage-first heap   total 224256K, used 205358K [0x0000000080000000, 0x0000000100000000)
  region size 1024K, 85 young (87040K), 12 survivors (12288K)
 Metaspace       used 65524K, committed 67072K, reserved 1114112K
  class space    used 8829K, committed 9600K, reserved 1048576K
}
Event: 28.417 GC heap after
{Heap after GC invocations=53 (full 0):
 garbage-first heap   total 269312K, used 181760K [0x0000000080000000, 0x0000000100000000)
  region size 1024K, 11 young (11264K), 11 survivors (11264K)
 Metaspace       used 65524K, committed 67072K, reserved 1114112K
  class space    used 8829K, committed 9600K, reserved 1048576K
}
Event: 28.570 GC heap before
{Heap before GC invocations=53 (full 0):
 garbage-first heap   total 269312K, used 227840K [0x0000000080000000, 0x0000000100000000)
  region size 1024K, 55 young (56320K), 11 survivors (11264K)
 Metaspace       used 65630K, committed 67200K, reserved 1114112K
  class space    used 8829K, committed 9600K, reserved 1048576K
}
Event: 28.591 GC heap after
{Heap after GC invocations=54 (full 0):
 garbage-first heap   total 269312K, used 203264K [0x0000000080000000, 0x0000000100000000)
  region size 1024K, 7 young (7168K), 7 survivors (7168K)
 Metaspace       used 65630K, committed 67200K, reserved 1114112K
  class space    used 8829K, committed 9600K, reserved 1048576K
}
Event: 28.648 GC heap before
{Heap before GC invocations=54 (full 0):
 garbage-first heap   total 269312K, used 232960K [0x0000000080000000, 0x0000000100000000)
  region size 1024K, 37 young (37888K), 7 survivors (7168K)
 Metaspace       used 65678K, committed 67264K, reserved 1114112K
  class space    used 8829K, committed 9600K, reserved 1048576K
}

